<?xml version="1.0" encoding="UTF-8"?>
<testsuite xmlns:xsi="http://www.w3.org/2001/XMLSchema-instance" xsi:noNamespaceSchemaLocation="https://maven.apache.org/surefire/maven-surefire-plugin/xsd/surefire-test-report.xsd" name="This describe the Merchandise functionality for HeatClinic Application" time="319.7" tests="19" errors="0" skipped="0" failures="0">
  <properties>
    <property name="sun.desktop" value="windows"/>
    <property name="awt.toolkit" value="sun.awt.windows.WToolkit"/>
    <property name="file.encoding.pkg" value="sun.io"/>
    <property name="java.specification.version" value="1.8"/>
    <property name="webdriver.chrome.driver" value="C:\Users\bahja\.m2\repository\webdriver\chromedriver\win32\79.0.3945.36\chromedriver.exe"/>
    <property name="sun.cpu.isalist" value="amd64"/>
    <property name="sun.jnu.encoding" value="Cp1252"/>
    <property name="java.class.path" value="C:\My development\HeatClinicProject\target\test-classes;C:\My development\HeatClinicProject\target\classes;C:\My development\maven_repo\org\seleniumhq\selenium\selenium-java\3.141.59\selenium-java-3.141.59.jar;C:\My development\maven_repo\org\seleniumhq\selenium\selenium-api\3.141.59\selenium-api-3.141.59.jar;C:\My development\maven_repo\org\seleniumhq\selenium\selenium-chrome-driver\3.141.59\selenium-chrome-driver-3.141.59.jar;C:\My development\maven_repo\org\seleniumhq\selenium\selenium-edge-driver\3.141.59\selenium-edge-driver-3.141.59.jar;C:\My development\maven_repo\org\seleniumhq\selenium\selenium-firefox-driver\3.141.59\selenium-firefox-driver-3.141.59.jar;C:\My development\maven_repo\org\seleniumhq\selenium\selenium-ie-driver\3.141.59\selenium-ie-driver-3.141.59.jar;C:\My development\maven_repo\org\seleniumhq\selenium\selenium-opera-driver\3.141.59\selenium-opera-driver-3.141.59.jar;C:\My development\maven_repo\org\seleniumhq\selenium\selenium-remote-driver\3.141.59\selenium-remote-driver-3.141.59.jar;C:\My development\maven_repo\org\seleniumhq\selenium\selenium-safari-driver\3.141.59\selenium-safari-driver-3.141.59.jar;C:\My development\maven_repo\org\seleniumhq\selenium\selenium-support\3.141.59\selenium-support-3.141.59.jar;C:\My development\maven_repo\net\bytebuddy\byte-buddy\1.8.15\byte-buddy-1.8.15.jar;C:\My development\maven_repo\org\apache\commons\commons-exec\1.3\commons-exec-1.3.jar;C:\My development\maven_repo\com\google\guava\guava\25.0-jre\guava-25.0-jre.jar;C:\My development\maven_repo\com\google\code\findbugs\jsr305\1.3.9\jsr305-1.3.9.jar;C:\My development\maven_repo\org\checkerframework\checker-compat-qual\2.0.0\checker-compat-qual-2.0.0.jar;C:\My development\maven_repo\com\google\errorprone\error_prone_annotations\2.1.3\error_prone_annotations-2.1.3.jar;C:\My development\maven_repo\com\google\j2objc\j2objc-annotations\1.1\j2objc-annotations-1.1.jar;C:\My development\maven_repo\org\codehaus\mojo\animal-sniffer-annotations\1.14\animal-sniffer-annotations-1.14.jar;C:\My development\maven_repo\com\squareup\okhttp3\okhttp\3.11.0\okhttp-3.11.0.jar;C:\My development\maven_repo\com\squareup\okio\okio\1.14.0\okio-1.14.0.jar;C:\My development\maven_repo\junit\junit\4.12\junit-4.12.jar;C:\My development\maven_repo\org\hamcrest\hamcrest-core\1.3\hamcrest-core-1.3.jar;C:\My development\maven_repo\io\github\bonigarcia\webdrivermanager\3.7.1\webdrivermanager-3.7.1.jar;C:\My development\maven_repo\commons-io\commons-io\2.6\commons-io-2.6.jar;C:\My development\maven_repo\com\google\code\gson\gson\2.8.5\gson-2.8.5.jar;C:\My development\maven_repo\org\apache\httpcomponents\httpclient\4.5.6\httpclient-4.5.6.jar;C:\My development\maven_repo\org\apache\httpcomponents\httpcore\4.4.10\httpcore-4.4.10.jar;C:\My development\maven_repo\commons-logging\commons-logging\1.2\commons-logging-1.2.jar;C:\My development\maven_repo\commons-codec\commons-codec\1.10\commons-codec-1.10.jar;C:\My development\maven_repo\org\rauschig\jarchivelib\1.0.0\jarchivelib-1.0.0.jar;C:\My development\maven_repo\org\jsoup\jsoup\1.11.3\jsoup-1.11.3.jar;C:\My development\maven_repo\net\sourceforge\jexcelapi\jxl\2.6.12\jxl-2.6.12.jar;C:\My development\maven_repo\log4j\log4j\1.2.14\log4j-1.2.14.jar;C:\My development\maven_repo\pl\pragmatists\JUnitParams\1.1.1\JUnitParams-1.1.1.jar;C:\My development\maven_repo\org\apache\commons\commons-lang3\3.9\commons-lang3-3.9.jar;C:\My development\maven_repo\org\apache\poi\poi-ooxml\4.1.1\poi-ooxml-4.1.1.jar;C:\My development\maven_repo\org\apache\poi\poi\4.1.1\poi-4.1.1.jar;C:\My development\maven_repo\org\apache\commons\commons-collections4\4.4\commons-collections4-4.4.jar;C:\My development\maven_repo\org\apache\commons\commons-math3\3.6.1\commons-math3-3.6.1.jar;C:\My development\maven_repo\org\apache\poi\poi-ooxml-schemas\4.1.1\poi-ooxml-schemas-4.1.1.jar;C:\My development\maven_repo\org\apache\xmlbeans\xmlbeans\3.1.0\xmlbeans-3.1.0.jar;C:\My development\maven_repo\org\apache\commons\commons-compress\1.19\commons-compress-1.19.jar;C:\My development\maven_repo\com\github\virtuald\curvesapi\1.06\curvesapi-1.06.jar;C:\My development\maven_repo\io\cucumber\cucumber-junit\4.8.0\cucumber-junit-4.8.0.jar;C:\My development\maven_repo\org\apiguardian\apiguardian-api\1.1.0\apiguardian-api-1.1.0.jar;C:\My development\maven_repo\io\cucumber\cucumber-core\4.8.0\cucumber-core-4.8.0.jar;C:\My development\maven_repo\io\cucumber\gherkin\5.1.0\gherkin-5.1.0.jar;C:\My development\maven_repo\io\cucumber\tag-expressions\1.1.1\tag-expressions-1.1.1.jar;C:\My development\maven_repo\io\cucumber\datatable\1.1.14\datatable-1.1.14.jar;C:\My development\maven_repo\io\cucumber\datatable-dependencies\1.1.14\datatable-dependencies-1.1.14.jar;C:\My development\maven_repo\io\cucumber\cucumber-java\4.8.0\cucumber-java-4.8.0.jar;C:\My development\maven_repo\io\cucumber\cucumber-expressions\8.3.1\cucumber-expressions-8.3.1.jar;C:\My development\maven_repo\net\masterthought\cucumber-reporting\5.0.1\cucumber-reporting-5.0.1.jar;C:\My development\maven_repo\com\fasterxml\jackson\core\jackson-databind\2.10.1\jackson-databind-2.10.1.jar;C:\My development\maven_repo\com\fasterxml\jackson\core\jackson-annotations\2.10.1\jackson-annotations-2.10.1.jar;C:\My development\maven_repo\com\fasterxml\jackson\core\jackson-core\2.10.1\jackson-core-2.10.1.jar;C:\My development\maven_repo\com\fasterxml\jackson\datatype\jackson-datatype-jsr310\2.10.1\jackson-datatype-jsr310-2.10.1.jar;C:\My development\maven_repo\org\apache\velocity\velocity-engine-core\2.1\velocity-engine-core-2.1.jar;C:\My development\maven_repo\commons-collections\commons-collections\3.2.2\commons-collections-3.2.2.jar;C:\My development\maven_repo\joda-time\joda-time\2.10.2\joda-time-2.10.2.jar;C:\My development\maven_repo\org\codehaus\plexus\plexus-utils\3.2.0\plexus-utils-3.2.0.jar;C:\My development\maven_repo\com\googlecode\owasp-java-html-sanitizer\owasp-java-html-sanitizer\20190610.1\owasp-java-html-sanitizer-20190610.1.jar;C:\My development\maven_repo\commons-configuration\commons-configuration\1.10\commons-configuration-1.10.jar;C:\My development\maven_repo\commons-lang\commons-lang\2.6\commons-lang-2.6.jar;C:\My development\maven_repo\org\testng\testng\6.14.3\testng-6.14.3.jar;C:\My development\maven_repo\com\beust\jcommander\1.72\jcommander-1.72.jar;C:\My development\maven_repo\org\apache-extras\beanshell\bsh\2.0b6\bsh-2.0b6.jar;C:\My development\maven_repo\com\aventstack\extentreports\3.1.5\extentreports-3.1.5.jar;C:\My development\maven_repo\org\freemarker\freemarker\2.3.23\freemarker-2.3.23.jar;C:\My development\maven_repo\org\mongodb\mongodb-driver\3.3.0\mongodb-driver-3.3.0.jar;C:\My development\maven_repo\org\mongodb\bson\3.3.0\bson-3.3.0.jar;C:\My development\maven_repo\org\mongodb\mongodb-driver-core\3.3.0\mongodb-driver-core-3.3.0.jar;C:\My development\maven_repo\org\apache\httpcomponents\httpmime\4.5.2\httpmime-4.5.2.jar;C:\My development\maven_repo\io\cucumber\cucumber-java8\4.8.1\cucumber-java8-4.8.1.jar;C:\My development\maven_repo\net\jodah\typetools\0.5.0\typetools-0.5.0.jar;C:\My development\maven_repo\com\trivago\rta\cluecumber-report-plugin\0.7.0\cluecumber-report-plugin-0.7.0.jar;C:\My development\maven_repo\org\apache\maven\maven-plugin-api\3.5.2\maven-plugin-api-3.5.2.jar;C:\My development\maven_repo\org\apache\maven\maven-model\3.5.2\maven-model-3.5.2.jar;C:\My development\maven_repo\org\apache\maven\maven-artifact\3.5.2\maven-artifact-3.5.2.jar;C:\My development\maven_repo\org\eclipse\sisu\org.eclipse.sisu.plexus\0.3.3\org.eclipse.sisu.plexus-0.3.3.jar;C:\My development\maven_repo\javax\enterprise\cdi-api\1.0\cdi-api-1.0.jar;C:\My development\maven_repo\javax\annotation\jsr250-api\1.0\jsr250-api-1.0.jar;C:\My development\maven_repo\org\eclipse\sisu\org.eclipse.sisu.inject\0.3.3\org.eclipse.sisu.inject-0.3.3.jar;C:\My development\maven_repo\org\codehaus\plexus\plexus-classworlds\2.5.2\plexus-classworlds-2.5.2.jar;C:\My development\maven_repo\org\apache\maven\maven-compat\3.5.2\maven-compat-3.5.2.jar;C:\My development\maven_repo\org\apache\maven\maven-model-builder\3.5.2\maven-model-builder-3.5.2.jar;C:\My development\maven_repo\org\apache\maven\maven-builder-support\3.5.2\maven-builder-support-3.5.2.jar;C:\My development\maven_repo\org\apache\maven\maven-settings\3.5.2\maven-settings-3.5.2.jar;C:\My development\maven_repo\org\apache\maven\maven-settings-builder\3.5.2\maven-settings-builder-3.5.2.jar;C:\My development\maven_repo\org\sonatype\plexus\plexus-sec-dispatcher\1.4\plexus-sec-dispatcher-1.4.jar;C:\My development\maven_repo\org\sonatype\plexus\plexus-cipher\1.4\plexus-cipher-1.4.jar;C:\My development\maven_repo\org\apache\maven\maven-core\3.5.2\maven-core-3.5.2.jar;C:\My development\maven_repo\org\apache\maven\resolver\maven-resolver-spi\1.1.0\maven-resolver-spi-1.1.0.jar;C:\My development\maven_repo\org\apache\maven\shared\maven-shared-utils\3.1.0\maven-shared-utils-3.1.0.jar;C:\My development\maven_repo\com\google\inject\guice\4.0\guice-4.0-no_aop.jar;C:\My development\maven_repo\aopalliance\aopalliance\1.0\aopalliance-1.0.jar;C:\My development\maven_repo\javax\inject\javax.inject\1\javax.inject-1.jar;C:\My development\maven_repo\org\apache\maven\maven-resolver-provider\3.5.2\maven-resolver-provider-3.5.2.jar;C:\My development\maven_repo\org\apache\maven\maven-repository-metadata\3.5.2\maven-repository-metadata-3.5.2.jar;C:\My development\maven_repo\org\apache\maven\resolver\maven-resolver-api\1.1.0\maven-resolver-api-1.1.0.jar;C:\My development\maven_repo\org\apache\maven\resolver\maven-resolver-util\1.1.0\maven-resolver-util-1.1.0.jar;C:\My development\maven_repo\org\apache\maven\resolver\maven-resolver-impl\1.1.0\maven-resolver-impl-1.1.0.jar;C:\My development\maven_repo\org\codehaus\plexus\plexus-interpolation\1.24\plexus-interpolation-1.24.jar;C:\My development\maven_repo\org\codehaus\plexus\plexus-component-annotations\1.7.1\plexus-component-annotations-1.7.1.jar;C:\My development\maven_repo\org\apache\maven\wagon\wagon-provider-api\2.12\wagon-provider-api-2.12.jar;C:\My development\maven_repo\io\gsonfire\gson-fire\1.8.3\gson-fire-1.8.3.jar;C:\My development\maven_repo\be\ceau\chart\2.3.1\chart-2.3.1.jar;C:\My development\maven_repo\org\apache\logging\log4j\log4j-core\2.13.0\log4j-core-2.13.0.jar;C:\My development\maven_repo\org\apache\logging\log4j\log4j-api\2.13.0\log4j-api-2.13.0.jar;C:\My development\maven_repo\org\hamcrest\java-hamcrest\2.0.0.0\java-hamcrest-2.0.0.0.jar;C:\My development\maven_repo\org\assertj\assertj-core\3.14.0\assertj-core-3.14.0.jar;C:\My development\maven_repo\org\slf4j\slf4j-api\1.7.30\slf4j-api-1.7.30.jar;C:\My development\maven_repo\ch\qos\logback\logback-classic\1.2.3\logback-classic-1.2.3.jar;C:\My development\maven_repo\ch\qos\logback\logback-core\1.2.3\logback-core-1.2.3.jar;"/>
    <property name="java.vm.vendor" value="Oracle Corporation"/>
    <property name="sun.arch.data.model" value="64"/>
    <property name="user.variant" value=""/>
    <property name="java.vendor.url" value="http://java.oracle.com/"/>
    <property name="user.timezone" value="America/New_York"/>
    <property name="java.vm.specification.version" value="1.8"/>
    <property name="os.name" value="Windows 10"/>
    <property name="user.country" value="US"/>
    <property name="sun.java.launcher" value="SUN_STANDARD"/>
    <property name="sun.boot.library.path" value="C:\Program Files\Java\jdk1.8.0_221\jre\bin"/>
    <property name="sun.java.command" value="C:\Users\bahja\AppData\Local\Temp\surefire799589514522220103\surefirebooter9157500408573043799.jar C:\Users\bahja\AppData\Local\Temp\surefire799589514522220103 2020-02-03T15-50-41_371-jvmRun1 surefire5822209442547460612tmp surefire_02997578505131095272tmp"/>
    <property name="surefire.test.class.path" value="C:\My development\HeatClinicProject\target\test-classes;C:\My development\HeatClinicProject\target\classes;C:\My development\maven_repo\org\seleniumhq\selenium\selenium-java\3.141.59\selenium-java-3.141.59.jar;C:\My development\maven_repo\org\seleniumhq\selenium\selenium-api\3.141.59\selenium-api-3.141.59.jar;C:\My development\maven_repo\org\seleniumhq\selenium\selenium-chrome-driver\3.141.59\selenium-chrome-driver-3.141.59.jar;C:\My development\maven_repo\org\seleniumhq\selenium\selenium-edge-driver\3.141.59\selenium-edge-driver-3.141.59.jar;C:\My development\maven_repo\org\seleniumhq\selenium\selenium-firefox-driver\3.141.59\selenium-firefox-driver-3.141.59.jar;C:\My development\maven_repo\org\seleniumhq\selenium\selenium-ie-driver\3.141.59\selenium-ie-driver-3.141.59.jar;C:\My development\maven_repo\org\seleniumhq\selenium\selenium-opera-driver\3.141.59\selenium-opera-driver-3.141.59.jar;C:\My development\maven_repo\org\seleniumhq\selenium\selenium-remote-driver\3.141.59\selenium-remote-driver-3.141.59.jar;C:\My development\maven_repo\org\seleniumhq\selenium\selenium-safari-driver\3.141.59\selenium-safari-driver-3.141.59.jar;C:\My development\maven_repo\org\seleniumhq\selenium\selenium-support\3.141.59\selenium-support-3.141.59.jar;C:\My development\maven_repo\net\bytebuddy\byte-buddy\1.8.15\byte-buddy-1.8.15.jar;C:\My development\maven_repo\org\apache\commons\commons-exec\1.3\commons-exec-1.3.jar;C:\My development\maven_repo\com\google\guava\guava\25.0-jre\guava-25.0-jre.jar;C:\My development\maven_repo\com\google\code\findbugs\jsr305\1.3.9\jsr305-1.3.9.jar;C:\My development\maven_repo\org\checkerframework\checker-compat-qual\2.0.0\checker-compat-qual-2.0.0.jar;C:\My development\maven_repo\com\google\errorprone\error_prone_annotations\2.1.3\error_prone_annotations-2.1.3.jar;C:\My development\maven_repo\com\google\j2objc\j2objc-annotations\1.1\j2objc-annotations-1.1.jar;C:\My development\maven_repo\org\codehaus\mojo\animal-sniffer-annotations\1.14\animal-sniffer-annotations-1.14.jar;C:\My development\maven_repo\com\squareup\okhttp3\okhttp\3.11.0\okhttp-3.11.0.jar;C:\My development\maven_repo\com\squareup\okio\okio\1.14.0\okio-1.14.0.jar;C:\My development\maven_repo\junit\junit\4.12\junit-4.12.jar;C:\My development\maven_repo\org\hamcrest\hamcrest-core\1.3\hamcrest-core-1.3.jar;C:\My development\maven_repo\io\github\bonigarcia\webdrivermanager\3.7.1\webdrivermanager-3.7.1.jar;C:\My development\maven_repo\commons-io\commons-io\2.6\commons-io-2.6.jar;C:\My development\maven_repo\com\google\code\gson\gson\2.8.5\gson-2.8.5.jar;C:\My development\maven_repo\org\apache\httpcomponents\httpclient\4.5.6\httpclient-4.5.6.jar;C:\My development\maven_repo\org\apache\httpcomponents\httpcore\4.4.10\httpcore-4.4.10.jar;C:\My development\maven_repo\commons-logging\commons-logging\1.2\commons-logging-1.2.jar;C:\My development\maven_repo\commons-codec\commons-codec\1.10\commons-codec-1.10.jar;C:\My development\maven_repo\org\rauschig\jarchivelib\1.0.0\jarchivelib-1.0.0.jar;C:\My development\maven_repo\org\jsoup\jsoup\1.11.3\jsoup-1.11.3.jar;C:\My development\maven_repo\net\sourceforge\jexcelapi\jxl\2.6.12\jxl-2.6.12.jar;C:\My development\maven_repo\log4j\log4j\1.2.14\log4j-1.2.14.jar;C:\My development\maven_repo\pl\pragmatists\JUnitParams\1.1.1\JUnitParams-1.1.1.jar;C:\My development\maven_repo\org\apache\commons\commons-lang3\3.9\commons-lang3-3.9.jar;C:\My development\maven_repo\org\apache\poi\poi-ooxml\4.1.1\poi-ooxml-4.1.1.jar;C:\My development\maven_repo\org\apache\poi\poi\4.1.1\poi-4.1.1.jar;C:\My development\maven_repo\org\apache\commons\commons-collections4\4.4\commons-collections4-4.4.jar;C:\My development\maven_repo\org\apache\commons\commons-math3\3.6.1\commons-math3-3.6.1.jar;C:\My development\maven_repo\org\apache\poi\poi-ooxml-schemas\4.1.1\poi-ooxml-schemas-4.1.1.jar;C:\My development\maven_repo\org\apache\xmlbeans\xmlbeans\3.1.0\xmlbeans-3.1.0.jar;C:\My development\maven_repo\org\apache\commons\commons-compress\1.19\commons-compress-1.19.jar;C:\My development\maven_repo\com\github\virtuald\curvesapi\1.06\curvesapi-1.06.jar;C:\My development\maven_repo\io\cucumber\cucumber-junit\4.8.0\cucumber-junit-4.8.0.jar;C:\My development\maven_repo\org\apiguardian\apiguardian-api\1.1.0\apiguardian-api-1.1.0.jar;C:\My development\maven_repo\io\cucumber\cucumber-core\4.8.0\cucumber-core-4.8.0.jar;C:\My development\maven_repo\io\cucumber\gherkin\5.1.0\gherkin-5.1.0.jar;C:\My development\maven_repo\io\cucumber\tag-expressions\1.1.1\tag-expressions-1.1.1.jar;C:\My development\maven_repo\io\cucumber\datatable\1.1.14\datatable-1.1.14.jar;C:\My development\maven_repo\io\cucumber\datatable-dependencies\1.1.14\datatable-dependencies-1.1.14.jar;C:\My development\maven_repo\io\cucumber\cucumber-java\4.8.0\cucumber-java-4.8.0.jar;C:\My development\maven_repo\io\cucumber\cucumber-expressions\8.3.1\cucumber-expressions-8.3.1.jar;C:\My development\maven_repo\net\masterthought\cucumber-reporting\5.0.1\cucumber-reporting-5.0.1.jar;C:\My development\maven_repo\com\fasterxml\jackson\core\jackson-databind\2.10.1\jackson-databind-2.10.1.jar;C:\My development\maven_repo\com\fasterxml\jackson\core\jackson-annotations\2.10.1\jackson-annotations-2.10.1.jar;C:\My development\maven_repo\com\fasterxml\jackson\core\jackson-core\2.10.1\jackson-core-2.10.1.jar;C:\My development\maven_repo\com\fasterxml\jackson\datatype\jackson-datatype-jsr310\2.10.1\jackson-datatype-jsr310-2.10.1.jar;C:\My development\maven_repo\org\apache\velocity\velocity-engine-core\2.1\velocity-engine-core-2.1.jar;C:\My development\maven_repo\commons-collections\commons-collections\3.2.2\commons-collections-3.2.2.jar;C:\My development\maven_repo\joda-time\joda-time\2.10.2\joda-time-2.10.2.jar;C:\My development\maven_repo\org\codehaus\plexus\plexus-utils\3.2.0\plexus-utils-3.2.0.jar;C:\My development\maven_repo\com\googlecode\owasp-java-html-sanitizer\owasp-java-html-sanitizer\20190610.1\owasp-java-html-sanitizer-20190610.1.jar;C:\My development\maven_repo\commons-configuration\commons-configuration\1.10\commons-configuration-1.10.jar;C:\My development\maven_repo\commons-lang\commons-lang\2.6\commons-lang-2.6.jar;C:\My development\maven_repo\org\testng\testng\6.14.3\testng-6.14.3.jar;C:\My development\maven_repo\com\beust\jcommander\1.72\jcommander-1.72.jar;C:\My development\maven_repo\org\apache-extras\beanshell\bsh\2.0b6\bsh-2.0b6.jar;C:\My development\maven_repo\com\aventstack\extentreports\3.1.5\extentreports-3.1.5.jar;C:\My development\maven_repo\org\freemarker\freemarker\2.3.23\freemarker-2.3.23.jar;C:\My development\maven_repo\org\mongodb\mongodb-driver\3.3.0\mongodb-driver-3.3.0.jar;C:\My development\maven_repo\org\mongodb\bson\3.3.0\bson-3.3.0.jar;C:\My development\maven_repo\org\mongodb\mongodb-driver-core\3.3.0\mongodb-driver-core-3.3.0.jar;C:\My development\maven_repo\org\apache\httpcomponents\httpmime\4.5.2\httpmime-4.5.2.jar;C:\My development\maven_repo\io\cucumber\cucumber-java8\4.8.1\cucumber-java8-4.8.1.jar;C:\My development\maven_repo\net\jodah\typetools\0.5.0\typetools-0.5.0.jar;C:\My development\maven_repo\com\trivago\rta\cluecumber-report-plugin\0.7.0\cluecumber-report-plugin-0.7.0.jar;C:\My development\maven_repo\org\apache\maven\maven-plugin-api\3.5.2\maven-plugin-api-3.5.2.jar;C:\My development\maven_repo\org\apache\maven\maven-model\3.5.2\maven-model-3.5.2.jar;C:\My development\maven_repo\org\apache\maven\maven-artifact\3.5.2\maven-artifact-3.5.2.jar;C:\My development\maven_repo\org\eclipse\sisu\org.eclipse.sisu.plexus\0.3.3\org.eclipse.sisu.plexus-0.3.3.jar;C:\My development\maven_repo\javax\enterprise\cdi-api\1.0\cdi-api-1.0.jar;C:\My development\maven_repo\javax\annotation\jsr250-api\1.0\jsr250-api-1.0.jar;C:\My development\maven_repo\org\eclipse\sisu\org.eclipse.sisu.inject\0.3.3\org.eclipse.sisu.inject-0.3.3.jar;C:\My development\maven_repo\org\codehaus\plexus\plexus-classworlds\2.5.2\plexus-classworlds-2.5.2.jar;C:\My development\maven_repo\org\apache\maven\maven-compat\3.5.2\maven-compat-3.5.2.jar;C:\My development\maven_repo\org\apache\maven\maven-model-builder\3.5.2\maven-model-builder-3.5.2.jar;C:\My development\maven_repo\org\apache\maven\maven-builder-support\3.5.2\maven-builder-support-3.5.2.jar;C:\My development\maven_repo\org\apache\maven\maven-settings\3.5.2\maven-settings-3.5.2.jar;C:\My development\maven_repo\org\apache\maven\maven-settings-builder\3.5.2\maven-settings-builder-3.5.2.jar;C:\My development\maven_repo\org\sonatype\plexus\plexus-sec-dispatcher\1.4\plexus-sec-dispatcher-1.4.jar;C:\My development\maven_repo\org\sonatype\plexus\plexus-cipher\1.4\plexus-cipher-1.4.jar;C:\My development\maven_repo\org\apache\maven\maven-core\3.5.2\maven-core-3.5.2.jar;C:\My development\maven_repo\org\apache\maven\resolver\maven-resolver-spi\1.1.0\maven-resolver-spi-1.1.0.jar;C:\My development\maven_repo\org\apache\maven\shared\maven-shared-utils\3.1.0\maven-shared-utils-3.1.0.jar;C:\My development\maven_repo\com\google\inject\guice\4.0\guice-4.0-no_aop.jar;C:\My development\maven_repo\aopalliance\aopalliance\1.0\aopalliance-1.0.jar;C:\My development\maven_repo\javax\inject\javax.inject\1\javax.inject-1.jar;C:\My development\maven_repo\org\apache\maven\maven-resolver-provider\3.5.2\maven-resolver-provider-3.5.2.jar;C:\My development\maven_repo\org\apache\maven\maven-repository-metadata\3.5.2\maven-repository-metadata-3.5.2.jar;C:\My development\maven_repo\org\apache\maven\resolver\maven-resolver-api\1.1.0\maven-resolver-api-1.1.0.jar;C:\My development\maven_repo\org\apache\maven\resolver\maven-resolver-util\1.1.0\maven-resolver-util-1.1.0.jar;C:\My development\maven_repo\org\apache\maven\resolver\maven-resolver-impl\1.1.0\maven-resolver-impl-1.1.0.jar;C:\My development\maven_repo\org\codehaus\plexus\plexus-interpolation\1.24\plexus-interpolation-1.24.jar;C:\My development\maven_repo\org\codehaus\plexus\plexus-component-annotations\1.7.1\plexus-component-annotations-1.7.1.jar;C:\My development\maven_repo\org\apache\maven\wagon\wagon-provider-api\2.12\wagon-provider-api-2.12.jar;C:\My development\maven_repo\io\gsonfire\gson-fire\1.8.3\gson-fire-1.8.3.jar;C:\My development\maven_repo\be\ceau\chart\2.3.1\chart-2.3.1.jar;C:\My development\maven_repo\org\apache\logging\log4j\log4j-core\2.13.0\log4j-core-2.13.0.jar;C:\My development\maven_repo\org\apache\logging\log4j\log4j-api\2.13.0\log4j-api-2.13.0.jar;C:\My development\maven_repo\org\hamcrest\java-hamcrest\2.0.0.0\java-hamcrest-2.0.0.0.jar;C:\My development\maven_repo\org\assertj\assertj-core\3.14.0\assertj-core-3.14.0.jar;C:\My development\maven_repo\org\slf4j\slf4j-api\1.7.30\slf4j-api-1.7.30.jar;C:\My development\maven_repo\ch\qos\logback\logback-classic\1.2.3\logback-classic-1.2.3.jar;C:\My development\maven_repo\ch\qos\logback\logback-core\1.2.3\logback-core-1.2.3.jar;"/>
    <property name="sun.cpu.endian" value="little"/>
    <property name="user.home" value="C:\Users\bahja"/>
    <property name="user.language" value="en"/>
    <property name="java.specification.vendor" value="Oracle Corporation"/>
    <property name="java.home" value="C:\Program Files\Java\jdk1.8.0_221\jre"/>
    <property name="basedir" value="C:\My development\HeatClinicProject"/>
    <property name="file.separator" value="\"/>
    <property name="line.separator" value="&#10;"/>
    <property name="java.vm.specification.vendor" value="Oracle Corporation"/>
    <property name="java.specification.name" value="Java Platform API Specification"/>
    <property name="java.awt.graphicsenv" value="sun.awt.Win32GraphicsEnvironment"/>
    <property name="surefire.real.class.path" value="C:\Users\bahja\AppData\Local\Temp\surefire799589514522220103\surefirebooter9157500408573043799.jar"/>
    <property name="sun.boot.class.path" value="C:\Program Files\Java\jdk1.8.0_221\jre\lib\resources.jar;C:\Program Files\Java\jdk1.8.0_221\jre\lib\rt.jar;C:\Program Files\Java\jdk1.8.0_221\jre\lib\sunrsasign.jar;C:\Program Files\Java\jdk1.8.0_221\jre\lib\jsse.jar;C:\Program Files\Java\jdk1.8.0_221\jre\lib\jce.jar;C:\Program Files\Java\jdk1.8.0_221\jre\lib\charsets.jar;C:\Program Files\Java\jdk1.8.0_221\jre\lib\jfr.jar;C:\Program Files\Java\jdk1.8.0_221\jre\classes"/>
    <property name="user.script" value=""/>
    <property name="sun.management.compiler" value="HotSpot 64-Bit Tiered Compilers"/>
    <property name="java.runtime.version" value="1.8.0_221-b11"/>
    <property name="user.name" value="bahja"/>
    <property name="path.separator" value=";"/>
    <property name="os.version" value="10.0"/>
    <property name="java.endorsed.dirs" value="C:\Program Files\Java\jdk1.8.0_221\jre\lib\endorsed"/>
    <property name="java.runtime.name" value="Java(TM) SE Runtime Environment"/>
    <property name="file.encoding" value="Cp1252"/>
    <property name="java.vm.name" value="Java HotSpot(TM) 64-Bit Server VM"/>
    <property name="localRepository" value="C:\My development\maven_repo"/>
    <property name="java.vendor.url.bug" value="http://bugreport.sun.com/bugreport/"/>
    <property name="java.io.tmpdir" value="C:\Users\bahja\AppData\Local\Temp\"/>
    <property name="java.version" value="1.8.0_221"/>
    <property name="user.dir" value="C:\My development\HeatClinicProject"/>
    <property name="os.arch" value="amd64"/>
    <property name="java.vm.specification.name" value="Java Virtual Machine Specification"/>
    <property name="java.awt.printerjob" value="sun.awt.windows.WPrinterJob"/>
    <property name="sun.os.patch.level" value=""/>
    <property name="java.library.path" value="C:\Program Files\Java\jdk1.8.0_221\jre\bin;C:\windows\Sun\Java\bin;C:\windows\system32;C:\windows;C:\Program Files\Java\jdk1.8.0_221\bin;C:\windows\system32;C:\windows;C:\windows\System32\Wbem;C:\windows\System32\WindowsPowerShell\v1.0\;C:\windows\System32\OpenSSH\;C:\My development\SeleniumProject\Dev Tools\apache-maven-3.6.2\bin;C:\Program Files\Git\cmd;C:\Program Files\dotnet\;C:\Program Files\Microsoft SQL Server\130\Tools\Binn\;C:\Program Files\Microsoft SQL Server\Client SDK\ODBC\170\Tools\Binn\;C:\Program Files\TortoiseGit\bin;C:\Program Files\nodejs\;C:\Users\bahja\AppData\Local\Microsoft\WindowsApps;;C:\C Sharp\Microsoft VS Code\bin;C:\Users\bahja\AppData\Roaming\npm;."/>
    <property name="java.vm.info" value="mixed mode"/>
    <property name="java.vendor" value="Oracle Corporation"/>
    <property name="java.vm.version" value="25.221-b11"/>
    <property name="java.ext.dirs" value="C:\Program Files\Java\jdk1.8.0_221\jre\lib\ext;C:\windows\Sun\Java\lib\ext"/>
    <property name="sun.io.unicode.encoding" value="UnicodeLittle"/>
    <property name="java.class.version" value="52.0"/>
  </properties>
  <testcase name="1.User can able to view Hawt Like a Habanero Shirt (Men&apos;s) product and can navigate back to merchandise page" classname="This describe the Merchandise functionality for HeatClinic Application" time="18.767"/>
  <testcase name="2. User can able to view  Heat Clinic Hand-Drawn (Men&apos;s) product can navigate back to merchandise page" classname="This describe the Merchandise functionality for HeatClinic Application" time="15.394"/>
  <testcase name="3.User can able to view Heat Clinic Mascot (Men&apos;s) product can navigate back to merchandise page" classname="This describe the Merchandise functionality for HeatClinic Application" time="14.903"/>
  <testcase name="4.All products price on the product picture on merchandise men page is visible" classname="This describe the Merchandise functionality for HeatClinic Application" time="13.309"/>
  <testcase name="5.On the Habanero Shirt (Men&apos;s) product page user can select Red color and Red color product will show" classname="This describe the Merchandise functionality for HeatClinic Application" time="15.101"/>
  <testcase name="6.On the Habanero Shirt (Men&apos;s) product page user can select Black color and Black color product will show" classname="This describe the Merchandise functionality for HeatClinic Application" time="14.318"/>
  <testcase name="7.Three t-shirt image will be visible under the main t-shirt image" classname="This describe the Merchandise functionality for HeatClinic Application" time="19.241"/>
  <testcase name="7.Three t-shirt image will be visible under the main t-shirt image" classname="This describe the Merchandise functionality for HeatClinic Application" time="18.669"/>
  <testcase name="7.Three t-shirt image will be visible under the main t-shirt image" classname="This describe the Merchandise functionality for HeatClinic Application" time="19.822"/>
  <testcase name="8.User can able select sizes from size box chart" classname="This describe the Merchandise functionality for HeatClinic Application" time="19.281"/>
  <testcase name="8.User can able select sizes from size box chart" classname="This describe the Merchandise functionality for HeatClinic Application" time="18.925"/>
  <testcase name="8.User can able select sizes from size box chart" classname="This describe the Merchandise functionality for HeatClinic Application" time="19.025"/>
  <testcase name="8.User can able select sizes from size box chart" classname="This describe the Merchandise functionality for HeatClinic Application" time="18.853"/>
  <testcase name="9.Verify the description for Habanero Shirt product" classname="This describe the Merchandise functionality for HeatClinic Application" time="13.829"/>
  <testcase name="10.User cannot buy product if no options were selected" classname="This describe the Merchandise functionality for HeatClinic Application" time="17.859"/>
  <testcase name="11.User can view the price on product page" classname="This describe the Merchandise functionality for HeatClinic Application" time="18.083"/>
  <testcase name="12.Product title page should display on product page" classname="This describe the Merchandise functionality for HeatClinic Application" time="14.006"/>
  <testcase name="13.User click on Red box shirt color but avoid Shirt size,user cannot proceed to checkout" classname="This describe the Merchandise functionality for HeatClinic Application" time="14.86"/>
  <testcase name="14.User click on Black box shirt color but avoid Shirt size,user cannot proceed to checkout" classname="This describe the Merchandise functionality for HeatClinic Application" time="15.131"/>
</testsuite>